{"C:\\Users\\cesar\\Documents\\burger-queen-api\\config.js": {"path":"C:\\Users\\cesar\\Documents\\burger-queen-api\\config.js","statementMap":{"0":{"start":{"line":1,"column":0},"end":{"line":1,"column":59}},"1":{"start":{"line":2,"column":0},"end":{"line":2,"column":96}},"2":{"start":{"line":3,"column":0},"end":{"line":3,"column":62}},"3":{"start":{"line":4,"column":0},"end":{"line":4,"column":66}},"4":{"start":{"line":5,"column":0},"end":{"line":5,"column":65}}},"fnMap":{},"branchMap":{"0":{"loc":{"start":{"line":1,"column":15},"end":{"line":1,"column":58}},"type":"binary-expr","locations":[{"start":{"line":1,"column":15},"end":{"line":1,"column":30}},{"start":{"line":1,"column":34},"end":{"line":1,"column":50}},{"start":{"line":1,"column":54},"end":{"line":1,"column":58}}],"line":1},"1":{"loc":{"start":{"line":2,"column":16},"end":{"line":2,"column":95}},"type":"binary-expr","locations":[{"start":{"line":2,"column":16},"end":{"line":2,"column":37}},{"start":{"line":2,"column":41},"end":{"line":2,"column":59}},{"start":{"line":2,"column":63},"end":{"line":2,"column":95}}],"line":2},"2":{"loc":{"start":{"line":3,"column":17},"end":{"line":3,"column":61}},"type":"binary-expr","locations":[{"start":{"line":3,"column":17},"end":{"line":3,"column":39}},{"start":{"line":3,"column":43},"end":{"line":3,"column":61}}],"line":3},"3":{"loc":{"start":{"line":4,"column":21},"end":{"line":4,"column":65}},"type":"binary-expr","locations":[{"start":{"line":4,"column":21},"end":{"line":4,"column":44}},{"start":{"line":4,"column":48},"end":{"line":4,"column":65}}],"line":4},"4":{"loc":{"start":{"line":5,"column":24},"end":{"line":5,"column":64}},"type":"binary-expr","locations":[{"start":{"line":5,"column":24},"end":{"line":5,"column":50}},{"start":{"line":5,"column":54},"end":{"line":5,"column":64}}],"line":5}},"s":{"0":2,"1":2,"2":2,"3":2,"4":2},"f":{},"b":{"0":[2,0,0],"1":[2,2,2],"2":[2,2],"3":[2,2],"4":[2,2]},"_coverageSchema":"1a1c01bbd47fc00a2c39e90264f33305004495a9","hash":"17cb8424a9c778c80520e1649b2cb90f05c8869f"}
,"C:\\Users\\cesar\\Documents\\burger-queen-api\\controller\\users.js": {"path":"C:\\Users\\cesar\\Documents\\burger-queen-api\\controller\\users.js","statementMap":{"0":{"start":{"line":2,"column":34},"end":{"line":2,"column":52}},"1":{"start":{"line":3,"column":15},"end":{"line":3,"column":32}},"2":{"start":{"line":4,"column":15},"end":{"line":4,"column":35}},"3":{"start":{"line":6,"column":18},"end":{"line":6,"column":24}},"4":{"start":{"line":8,"column":0},"end":{"line":143,"column":2}},"5":{"start":{"line":10,"column":4},"end":{"line":48,"column":5}},"6":{"start":{"line":11,"column":21},"end":{"line":11,"column":43}},"7":{"start":{"line":12,"column":6},"end":{"line":12,"column":29}},"8":{"start":{"line":13,"column":17},"end":{"line":13,"column":28}},"9":{"start":{"line":14,"column":25},"end":{"line":14,"column":47}},"10":{"start":{"line":15,"column":23},"end":{"line":15,"column":58}},"11":{"start":{"line":17,"column":23},"end":{"line":17,"column":32}},"12":{"start":{"line":18,"column":24},"end":{"line":18,"column":33}},"13":{"start":{"line":22,"column":6},"end":{"line":28,"column":7}},"14":{"start":{"line":23,"column":8},"end":{"line":23,"column":40}},"15":{"start":{"line":24,"column":8},"end":{"line":24,"column":32}},"16":{"start":{"line":26,"column":8},"end":{"line":26,"column":23}},"17":{"start":{"line":27,"column":8},"end":{"line":27,"column":29}},"18":{"start":{"line":30,"column":6},"end":{"line":44,"column":7}},"19":{"start":{"line":31,"column":8},"end":{"line":32,"column":303}},"20":{"start":{"line":33,"column":28},"end":{"line":33,"column":64}},"21":{"start":{"line":34,"column":8},"end":{"line":34,"column":43}},"22":{"start":{"line":35,"column":8},"end":{"line":35,"column":31}},"23":{"start":{"line":36,"column":13},"end":{"line":44,"column":7}},"24":{"start":{"line":37,"column":8},"end":{"line":38,"column":264}},"25":{"start":{"line":39,"column":28},"end":{"line":39,"column":64}},"26":{"start":{"line":40,"column":8},"end":{"line":40,"column":43}},"27":{"start":{"line":41,"column":8},"end":{"line":41,"column":31}},"28":{"start":{"line":43,"column":8},"end":{"line":43,"column":28}},"29":{"start":{"line":50,"column":4},"end":{"line":50,"column":11}},"30":{"start":{"line":53,"column":24},"end":{"line":57,"column":5}},"31":{"start":{"line":59,"column":4},"end":{"line":78,"column":5}},"32":{"start":{"line":60,"column":21},"end":{"line":60,"column":43}},"33":{"start":{"line":61,"column":6},"end":{"line":61,"column":29}},"34":{"start":{"line":62,"column":17},"end":{"line":62,"column":28}},"35":{"start":{"line":63,"column":25},"end":{"line":63,"column":47}},"36":{"start":{"line":64,"column":19},"end":{"line":64,"column":70}},"37":{"start":{"line":65,"column":6},"end":{"line":67,"column":7}},"38":{"start":{"line":66,"column":8},"end":{"line":66,"column":18}},"39":{"start":{"line":68,"column":6},"end":{"line":75,"column":7}},"40":{"start":{"line":69,"column":8},"end":{"line":69,"column":48}},"41":{"start":{"line":71,"column":24},"end":{"line":71,"column":108}},"42":{"start":{"line":72,"column":8},"end":{"line":72,"column":27}},"43":{"start":{"line":74,"column":8},"end":{"line":74,"column":18}},"44":{"start":{"line":77,"column":6},"end":{"line":77,"column":25}},"45":{"start":{"line":79,"column":4},"end":{"line":79,"column":11}},"46":{"start":{"line":82,"column":26},"end":{"line":82,"column":40}},"47":{"start":{"line":83,"column":4},"end":{"line":109,"column":5}},"48":{"start":{"line":84,"column":21},"end":{"line":84,"column":43}},"49":{"start":{"line":85,"column":6},"end":{"line":85,"column":29}},"50":{"start":{"line":86,"column":17},"end":{"line":86,"column":28}},"51":{"start":{"line":87,"column":25},"end":{"line":87,"column":47}},"52":{"start":{"line":92,"column":24},"end":{"line":92,"column":74}},"53":{"start":{"line":93,"column":6},"end":{"line":105,"column":7}},"54":{"start":{"line":94,"column":21},"end":{"line":94,"column":83}},"55":{"start":{"line":95,"column":8},"end":{"line":99,"column":9}},"56":{"start":{"line":96,"column":10},"end":{"line":96,"column":66}},"57":{"start":{"line":98,"column":10},"end":{"line":98,"column":26}},"58":{"start":{"line":100,"column":13},"end":{"line":105,"column":7}},"59":{"start":{"line":101,"column":8},"end":{"line":101,"column":48}},"60":{"start":{"line":102,"column":8},"end":{"line":102,"column":18}},"61":{"start":{"line":104,"column":8},"end":{"line":104,"column":29}},"62":{"start":{"line":106,"column":6},"end":{"line":106,"column":21}},"63":{"start":{"line":108,"column":6},"end":{"line":108,"column":25}},"64":{"start":{"line":110,"column":4},"end":{"line":110,"column":11}},"65":{"start":{"line":113,"column":22},"end":{"line":113,"column":36}},"66":{"start":{"line":114,"column":4},"end":{"line":116,"column":5}},"67":{"start":{"line":115,"column":6},"end":{"line":115,"column":65}},"68":{"start":{"line":118,"column":27},"end":{"line":118,"column":35}},"69":{"start":{"line":120,"column":4},"end":{"line":140,"column":5}},"70":{"start":{"line":121,"column":21},"end":{"line":121,"column":43}},"71":{"start":{"line":122,"column":6},"end":{"line":122,"column":29}},"72":{"start":{"line":123,"column":17},"end":{"line":123,"column":28}},"73":{"start":{"line":124,"column":25},"end":{"line":124,"column":47}},"74":{"start":{"line":127,"column":19},"end":{"line":127,"column":67}},"75":{"start":{"line":128,"column":6},"end":{"line":137,"column":7}},"76":{"start":{"line":129,"column":8},"end":{"line":129,"column":18}},"77":{"start":{"line":130,"column":13},"end":{"line":137,"column":7}},"78":{"start":{"line":131,"column":8},"end":{"line":131,"column":18}},"79":{"start":{"line":134,"column":8},"end":{"line":134,"column":85}},"80":{"start":{"line":135,"column":22},"end":{"line":135,"column":103}},"81":{"start":{"line":136,"column":8},"end":{"line":136,"column":25}},"82":{"start":{"line":139,"column":6},"end":{"line":139,"column":25}},"83":{"start":{"line":141,"column":4},"end":{"line":141,"column":11}}},"fnMap":{"0":{"name":"(anonymous_0)","decl":{"start":{"line":9,"column":12},"end":{"line":9,"column":13}},"loc":{"start":{"line":9,"column":39},"end":{"line":51,"column":3}},"line":9},"1":{"name":"(anonymous_1)","decl":{"start":{"line":52,"column":12},"end":{"line":52,"column":13}},"loc":{"start":{"line":52,"column":39},"end":{"line":80,"column":3}},"line":52},"2":{"name":"(anonymous_2)","decl":{"start":{"line":81,"column":11},"end":{"line":81,"column":12}},"loc":{"start":{"line":81,"column":38},"end":{"line":111,"column":3}},"line":81},"3":{"name":"(anonymous_3)","decl":{"start":{"line":112,"column":13},"end":{"line":112,"column":14}},"loc":{"start":{"line":112,"column":40},"end":{"line":142,"column":3}},"line":112}},"branchMap":{"0":{"loc":{"start":{"line":22,"column":6},"end":{"line":28,"column":7}},"type":"if","locations":[{"start":{"line":22,"column":6},"end":{"line":28,"column":7}},{"start":{"line":25,"column":13},"end":{"line":28,"column":7}}],"line":22},"1":{"loc":{"start":{"line":30,"column":6},"end":{"line":44,"column":7}},"type":"if","locations":[{"start":{"line":30,"column":6},"end":{"line":44,"column":7}},{"start":{"line":36,"column":13},"end":{"line":44,"column":7}}],"line":30},"2":{"loc":{"start":{"line":30,"column":10},"end":{"line":30,"column":23}},"type":"binary-expr","locations":[{"start":{"line":30,"column":10},"end":{"line":30,"column":14}},{"start":{"line":30,"column":18},"end":{"line":30,"column":23}}],"line":30},"3":{"loc":{"start":{"line":32,"column":113},"end":{"line":32,"column":138}},"type":"cond-expr","locations":[{"start":{"line":32,"column":126},"end":{"line":32,"column":127}},{"start":{"line":32,"column":130},"end":{"line":32,"column":138}}],"line":32},"4":{"loc":{"start":{"line":36,"column":13},"end":{"line":44,"column":7}},"type":"if","locations":[{"start":{"line":36,"column":13},"end":{"line":44,"column":7}},{"start":{"line":42,"column":13},"end":{"line":44,"column":7}}],"line":36},"5":{"loc":{"start":{"line":36,"column":17},"end":{"line":36,"column":31}},"type":"binary-expr","locations":[{"start":{"line":36,"column":17},"end":{"line":36,"column":22}},{"start":{"line":36,"column":26},"end":{"line":36,"column":31}}],"line":36},"6":{"loc":{"start":{"line":55,"column":16},"end":{"line":55,"column":81}},"type":"cond-expr","locations":[{"start":{"line":55,"column":36},"end":{"line":55,"column":74}},{"start":{"line":55,"column":77},"end":{"line":55,"column":81}}],"line":55},"7":{"loc":{"start":{"line":65,"column":6},"end":{"line":67,"column":7}},"type":"if","locations":[{"start":{"line":65,"column":6},"end":{"line":67,"column":7}},{"start":{},"end":{}}],"line":65},"8":{"loc":{"start":{"line":65,"column":10},"end":{"line":65,"column":121}},"type":"binary-expr","locations":[{"start":{"line":65,"column":10},"end":{"line":65,"column":28}},{"start":{"line":65,"column":32},"end":{"line":65,"column":53}},{"start":{"line":65,"column":57},"end":{"line":65,"column":89}},{"start":{"line":65,"column":93},"end":{"line":65,"column":121}}],"line":65},"9":{"loc":{"start":{"line":68,"column":6},"end":{"line":75,"column":7}},"type":"if","locations":[{"start":{"line":68,"column":6},"end":{"line":75,"column":7}},{"start":{"line":73,"column":13},"end":{"line":75,"column":7}}],"line":68},"10":{"loc":{"start":{"line":93,"column":6},"end":{"line":105,"column":7}},"type":"if","locations":[{"start":{"line":93,"column":6},"end":{"line":105,"column":7}},{"start":{"line":100,"column":13},"end":{"line":105,"column":7}}],"line":93},"11":{"loc":{"start":{"line":95,"column":8},"end":{"line":99,"column":9}},"type":"if","locations":[{"start":{"line":95,"column":8},"end":{"line":99,"column":9}},{"start":{"line":97,"column":15},"end":{"line":99,"column":9}}],"line":95},"12":{"loc":{"start":{"line":100,"column":13},"end":{"line":105,"column":7}},"type":"if","locations":[{"start":{"line":100,"column":13},"end":{"line":105,"column":7}},{"start":{"line":103,"column":13},"end":{"line":105,"column":7}}],"line":100},"13":{"loc":{"start":{"line":100,"column":17},"end":{"line":100,"column":69}},"type":"binary-expr","locations":[{"start":{"line":100,"column":17},"end":{"line":100,"column":46}},{"start":{"line":100,"column":50},"end":{"line":100,"column":69}}],"line":100},"14":{"loc":{"start":{"line":114,"column":4},"end":{"line":116,"column":5}},"type":"if","locations":[{"start":{"line":114,"column":4},"end":{"line":116,"column":5}},{"start":{},"end":{}}],"line":114},"15":{"loc":{"start":{"line":128,"column":6},"end":{"line":137,"column":7}},"type":"if","locations":[{"start":{"line":128,"column":6},"end":{"line":137,"column":7}},{"start":{"line":130,"column":13},"end":{"line":137,"column":7}}],"line":128},"16":{"loc":{"start":{"line":130,"column":13},"end":{"line":137,"column":7}},"type":"if","locations":[{"start":{"line":130,"column":13},"end":{"line":137,"column":7}},{"start":{"line":132,"column":13},"end":{"line":137,"column":7}}],"line":130}},"s":{"0":1,"1":1,"2":1,"3":1,"4":1,"5":0,"6":0,"7":0,"8":0,"9":0,"10":0,"11":0,"12":0,"13":0,"14":0,"15":0,"16":0,"17":0,"18":0,"19":0,"20":0,"21":0,"22":0,"23":0,"24":0,"25":0,"26":0,"27":0,"28":0,"29":0,"30":0,"31":0,"32":0,"33":0,"34":0,"35":0,"36":0,"37":0,"38":0,"39":0,"40":0,"41":0,"42":0,"43":0,"44":0,"45":0,"46":0,"47":0,"48":0,"49":0,"50":0,"51":0,"52":0,"53":0,"54":0,"55":0,"56":0,"57":0,"58":0,"59":0,"60":0,"61":0,"62":0,"63":0,"64":0,"65":0,"66":0,"67":0,"68":0,"69":0,"70":0,"71":0,"72":0,"73":0,"74":0,"75":0,"76":0,"77":0,"78":0,"79":0,"80":0,"81":0,"82":0,"83":0},"f":{"0":0,"1":0,"2":0,"3":0},"b":{"0":[0,0],"1":[0,0],"2":[0,0],"3":[0,0],"4":[0,0],"5":[0,0],"6":[0,0],"7":[0,0],"8":[0,0,0,0],"9":[0,0],"10":[0,0],"11":[0,0],"12":[0,0],"13":[0,0],"14":[0,0],"15":[0,0],"16":[0,0]},"_coverageSchema":"1a1c01bbd47fc00a2c39e90264f33305004495a9","hash":"c88e551860fefa2353c47589f16326dc9acccf09"}
}
