TN:
SF:config.js
FNF:0
FNH:0
DA:1,2
DA:2,2
DA:3,2
DA:4,2
DA:5,2
LF:5
LH:5
BRDA:1,0,0,2
BRDA:1,0,1,0
BRDA:1,0,2,0
BRDA:2,1,0,2
BRDA:2,1,1,2
BRDA:2,1,2,2
BRDA:3,2,0,2
BRDA:3,2,1,2
BRDA:4,3,0,2
BRDA:4,3,1,2
BRDA:5,4,0,2
BRDA:5,4,1,2
BRF:12
BRH:10
end_of_record
TN:
SF:controller\users.js
FN:9,(anonymous_0)
FN:52,(anonymous_1)
FN:81,(anonymous_2)
FN:112,(anonymous_3)
FNF:4
FNH:0
FNDA:0,(anonymous_0)
FNDA:0,(anonymous_1)
FNDA:0,(anonymous_2)
FNDA:0,(anonymous_3)
DA:2,1
DA:3,1
DA:4,1
DA:6,1
DA:8,1
DA:10,0
DA:11,0
DA:12,0
DA:13,0
DA:14,0
DA:15,0
DA:17,0
DA:18,0
DA:22,0
DA:23,0
DA:24,0
DA:26,0
DA:27,0
DA:30,0
DA:31,0
DA:33,0
DA:34,0
DA:35,0
DA:36,0
DA:37,0
DA:39,0
DA:40,0
DA:41,0
DA:43,0
DA:50,0
DA:53,0
DA:59,0
DA:60,0
DA:61,0
DA:62,0
DA:63,0
DA:64,0
DA:65,0
DA:66,0
DA:68,0
DA:69,0
DA:71,0
DA:72,0
DA:74,0
DA:77,0
DA:79,0
DA:82,0
DA:83,0
DA:84,0
DA:85,0
DA:86,0
DA:87,0
DA:92,0
DA:93,0
DA:94,0
DA:95,0
DA:96,0
DA:98,0
DA:100,0
DA:101,0
DA:102,0
DA:104,0
DA:106,0
DA:108,0
DA:110,0
DA:113,0
DA:114,0
DA:115,0
DA:118,0
DA:120,0
DA:121,0
DA:122,0
DA:123,0
DA:124,0
DA:127,0
DA:128,0
DA:129,0
DA:130,0
DA:131,0
DA:134,0
DA:135,0
DA:136,0
DA:139,0
DA:141,0
LF:84
LH:5
BRDA:22,0,0,0
BRDA:22,0,1,0
BRDA:30,1,0,0
BRDA:30,1,1,0
BRDA:30,2,0,0
BRDA:30,2,1,0
BRDA:32,3,0,0
BRDA:32,3,1,0
BRDA:36,4,0,0
BRDA:36,4,1,0
BRDA:36,5,0,0
BRDA:36,5,1,0
BRDA:55,6,0,0
BRDA:55,6,1,0
BRDA:65,7,0,0
BRDA:65,7,1,0
BRDA:65,8,0,0
BRDA:65,8,1,0
BRDA:65,8,2,0
BRDA:65,8,3,0
BRDA:68,9,0,0
BRDA:68,9,1,0
BRDA:93,10,0,0
BRDA:93,10,1,0
BRDA:95,11,0,0
BRDA:95,11,1,0
BRDA:100,12,0,0
BRDA:100,12,1,0
BRDA:100,13,0,0
BRDA:100,13,1,0
BRDA:114,14,0,0
BRDA:114,14,1,0
BRDA:128,15,0,0
BRDA:128,15,1,0
BRDA:130,16,0,0
BRDA:130,16,1,0
BRF:36
BRH:0
end_of_record
